#
# A fatal error has been detected by the Java Runtime Environment:
#
#  EXCEPTION_ACCESS_VIOLATION (0xc0000005) at pc=0x000000006559f7a2, pid=6260, tid=11272
#
# JRE version: 7.0_25-b17
# Java VM: Java HotSpot(TM) 64-Bit Server VM (23.25-b01 mixed mode windows-amd64 compressed oops)
# Problematic frame:
# C  [gdx64.dll+0x1f7a2]
#
# Failed to write core dump. Minidumps are not enabled by default on client versions of Windows
#
# If you would like to submit a bug report, please visit:
#   http://bugreport.sun.com/bugreport/crash.jsp
# The crash happened outside the Java Virtual Machine in native code.
# See problematic frame for where to report the bug.
#

---------------  T H R E A D  ---------------

Current thread (0x0000000010a01000):  JavaThread "LWJGL Application" [_thread_in_native, id=11272, stack(0x00000000127b0000,0x00000000128b0000)]

siginfo: ExceptionCode=0xc0000005, reading address 0x000000000000001c

Registers:
RAX=0x0000000000000000, RBX=0x0000000000166880, RCX=0x00000000167b9320, RDX=0x0000000000000001
RSP=0x00000000128aee90, RBP=0x0000000000154b80, RSI=0x00000000167b9320, RDI=0x0000000000154760
R8 =0x0000000012662636, R9 =0x00000000128aeef0, R10=0x000000000261237c, R11=0x0000000062969860
R12=0x0000000000150750, R13=0x0000000000150ed0, R14=0x0000000000000000, R15=0x0000000000000000
RIP=0x000000006559f7a2, EFLAGS=0x0000000000010246

Top of Stack: (sp=0x00000000128aee90)
0x00000000128aee90:   0000000010a01000 0000000000000000
0x00000000128aeea0:   00000007c086a480 00000000128aeea8
0x00000000128aeeb0:   0000000000000000 0000000000000000
0x00000000128aeec0:   000000003f800000 0000000000000000
0x00000000128aeed0:   000000073b4f8d90 00000000167a0080
0x00000000128aeee0:   0000000000000006 00000000167b9320
0x00000000128aeef0:   0000000000000002 0000000000000000
0x00000000128aef00:   000000073b5bcad0 00000000128af128
0x00000000128aef10:   0000000010a01000 00000000655a4540
0x00000000128aef20:   000000073b4f3580 000000006289e70a
0x00000000128aef30:   000000073b4f8d90 0000000000000000
0x00000000128aef40:   426fffff3c888889 000000063f800000
0x00000000128aef50:   0000000100000002 00000000026061f8
0x00000000128aef60:   42838ff2311ac800 00000000628dce20
0x00000000128aef70:   42838ff2311ac800 0000000010a01000
0x00000000128aef80:   000000003c888889 0000000000000000 

Instructions: (pc=0x000000006559f7a2)
0x000000006559f782:   95 c2 84 c0 75 04 84 d2 74 a4 4d 63 ff 4d 63 f6
0x000000006559f792:   49 c1 e7 05 4c 03 7f 28 49 c1 e6 05 4c 03 75 28
0x000000006559f7a2:   41 8b 7f 1c 41 8b 6e 1c 85 ff 78 05 3b 7e 14 7c
0x000000006559f7b2:   19 48 8d 15 26 e8 03 00 48 8d 0d 47 e8 03 00 41 


Register to memory mapping:

RAX=0x0000000000000000 is an unknown value
RBX=0x0000000000166880 is an unknown value
RCX=0x00000000167b9320 is an unknown value
RDX=0x0000000000000001 is an unknown value
RSP=0x00000000128aee90 is pointing into the stack for thread: 0x0000000010a01000
RBP=0x0000000000154b80 is an unknown value
RSI=0x00000000167b9320 is an unknown value
RDI=0x0000000000154760 is an unknown value
R8 =0x0000000012662636 is an unknown value
R9 =0x00000000128aeef0 is pointing into the stack for thread: 0x0000000010a01000
R10=0x000000000261237c is an Interpreter codelet
method entry point (kind = native)  [0x0000000002612100, 0x0000000002612980]  2176 bytes
R11=0x0000000062969860 is an unknown value
R12=0x0000000000150750 is an unknown value
R13=0x0000000000150ed0 is an unknown value
R14=0x0000000000000000 is an unknown value
R15=0x0000000000000000 is an unknown value


Stack: [0x00000000127b0000,0x00000000128b0000],  sp=0x00000000128aee90,  free space=1019k
Native frames: (J=compiled Java code, j=interpreted, Vv=VM code, C=native code)
C  [gdx64.dll+0x1f7a2]

Java frames: (J=compiled Java code, j=interpreted, Vv=VM code)
j  com.badlogic.gdx.physics.box2d.World.jniStep(JFII)V+0
j  com.badlogic.gdx.physics.box2d.World.step(FII)V+8
j  com.mdwheele.gdxgame.level.GameWorld.update(F)V+9
j  com.mdwheele.gdxgame.screens.GameScreen.render(F)V+10
j  com.badlogic.gdx.Game.render()V+19
j  com.badlogic.gdx.backends.lwjgl.LwjglApplication.mainLoop()V+642
j  com.badlogic.gdx.backends.lwjgl.LwjglApplication$1.run()V+27
v  ~StubRoutines::call_stub

---------------  P R O C E S S  ---------------

Java Threads: ( => current thread )
  0x0000000010a02800 JavaThread "LWJGL Timer" daemon [_thread_blocked, id=8976, stack(0x00000000182d0000,0x00000000183d0000)]
  0x0000000010a01800 JavaThread "DestroyJavaVM" [_thread_blocked, id=9804, stack(0x0000000002500000,0x0000000002600000)]
=>0x0000000010a01000 JavaThread "LWJGL Application" [_thread_in_native, id=11272, stack(0x00000000127b0000,0x00000000128b0000)]
  0x0000000010a00000 JavaThread "Service Thread" daemon [_thread_blocked, id=6700, stack(0x0000000011480000,0x0000000011580000)]
  0x00000000109f5000 JavaThread "C2 CompilerThread1" daemon [_thread_blocked, id=5252, stack(0x0000000010da0000,0x0000000010ea0000)]
  0x00000000109f0000 JavaThread "C2 CompilerThread0" daemon [_thread_blocked, id=4244, stack(0x0000000011230000,0x0000000011330000)]
  0x00000000109ed000 JavaThread "Attach Listener" daemon [_thread_blocked, id=1204, stack(0x0000000011080000,0x0000000011180000)]
  0x00000000109eb800 JavaThread "Signal Dispatcher" daemon [_thread_blocked, id=11484, stack(0x0000000010ef0000,0x0000000010ff0000)]
  0x000000000e947800 JavaThread "Finalizer" daemon [_thread_blocked, id=3812, stack(0x00000000108a0000,0x00000000109a0000)]
  0x000000000e93f800 JavaThread "Reference Handler" daemon [_thread_blocked, id=8328, stack(0x00000000106f0000,0x00000000107f0000)]

Other Threads:
  0x000000000e936000 VMThread [stack: 0x0000000010540000,0x0000000010640000] [id=4740]
  0x0000000010a20000 WatcherThread [stack: 0x0000000010420000,0x0000000010520000] [id=7860]

VM state:not at safepoint (normal execution)

VM Mutex/Monitor currently owned by a thread: None

Heap
 PSYoungGen      total 57344K, used 15206K [0x00000007c00b0000, 0x00000007c40a0000, 0x0000000800000000)
  eden space 49216K, 30% used [0x00000007c00b0000,0x00000007c0f89a78,0x00000007c30c0000)
  from space 8128K, 0% used [0x00000007c38b0000,0x00000007c38b0000,0x00000007c40a0000)
  to   space 8128K, 0% used [0x00000007c30c0000,0x00000007c30c0000,0x00000007c38b0000)
 ParOldGen       total 131008K, used 0K [0x0000000740200000, 0x00000007481f0000, 0x00000007c00b0000)
  object space 131008K, 0% used [0x0000000740200000,0x0000000740200000,0x00000007481f0000)
 PSPermGen       total 21248K, used 7695K [0x000000073b000000, 0x000000073c4c0000, 0x0000000740200000)
  object space 21248K, 36% used [0x000000073b000000,0x000000073b783cb8,0x000000073c4c0000)

Card table byte_map: [0x0000000005600000,0x0000000005c30000] byte_map_base: 0x0000000001c28000

Polling page: 0x0000000000330000

Code Cache  [0x0000000002600000, 0x0000000002870000, 0x0000000005600000)
 total_blobs=481 nmethods=59 adapters=374 free_code_cache=48547Kb largest_free_block=49684736

Compilation events (10 events):
Event: 1.061 Thread 0x00000000109f5000   53   !         org.lwjgl.opengl.Sync::sync (125 bytes)
Event: 1.068 Thread 0x00000000109f5000 nmethod 53 0x0000000002695210 code [0x0000000002695440, 0x0000000002695cc8]
Event: 1.404 Thread 0x00000000109f0000   55             com.badlogic.gdx.maps.tiled.renderers.OrthogonalTiledMapRenderer::renderTileLayer (921 bytes)
Event: 1.404 Thread 0x00000000109f5000   56             com.badlogic.gdx.maps.tiled.TiledMapTileLayer::getCell (37 bytes)
Event: 1.405 Thread 0x00000000109f5000 nmethod 56 0x0000000002696d90 code [0x0000000002696ee0, 0x0000000002696fd8]
Event: 1.417 Thread 0x00000000109f0000 nmethod 55 0x000000000269c210 code [0x000000000269c3c0, 0x000000000269d0e0]
Event: 1.536 Thread 0x00000000109f5000   57             com.badlogic.gdx.utils.LongMap$MapIterator::findNextIndex (64 bytes)
Event: 1.538 Thread 0x00000000109f5000 nmethod 57 0x0000000002696a50 code [0x0000000002696b80, 0x0000000002696cf8]
Event: 1.620 Thread 0x00000000109f0000   58             java.lang.StringBuilder::append (8 bytes)
Event: 1.623 Thread 0x00000000109f0000 nmethod 58 0x000000000268df10 code [0x000000000268e060, 0x000000000268e418]

GC Heap History (0 events):
No events

Deoptimization events (0 events):
No events

Internal exceptions (10 events):
Event: 0.940 Thread 0x0000000010a01000 Threw 0x00000007c0f0e998 at C:\jdk7u2_64p\jdk7u25\hotspot\src\share\vm\prims\jvm.cpp:1235
Event: 0.942 Thread 0x0000000010a01000 Threw 0x00000007c0f133b8 at C:\jdk7u2_64p\jdk7u25\hotspot\src\share\vm\prims\jvm.cpp:1235
Event: 0.944 Thread 0x0000000010a01000 Threw 0x00000007c0f178b8 at C:\jdk7u2_64p\jdk7u25\hotspot\src\share\vm\prims\jvm.cpp:1235
Event: 0.945 Thread 0x0000000010a01000 Threw 0x00000007c0f1bc40 at C:\jdk7u2_64p\jdk7u25\hotspot\src\share\vm\prims\jvm.cpp:1235
Event: 1.618 Thread 0x0000000010a01000 Threw 0x00000007c0f3f458 at C:\jdk7u2_64p\jdk7u25\hotspot\src\share\vm\prims\jvm.cpp:1235
Event: 1.619 Thread 0x0000000010a01000 Threw 0x00000007c0f49bc0 at C:\jdk7u2_64p\jdk7u25\hotspot\src\share\vm\prims\jvm.cpp:1235
Event: 1.619 Thread 0x0000000010a01000 Threw 0x00000007c0f4e038 at C:\jdk7u2_64p\jdk7u25\hotspot\src\share\vm\prims\jvm.cpp:1235
Event: 1.619 Thread 0x0000000010a01000 Threw 0x00000007c0f503e8 at C:\jdk7u2_64p\jdk7u25\hotspot\src\share\vm\prims\jvm.cpp:1235
Event: 1.620 Thread 0x0000000010a01000 Threw 0x00000007c0f52650 at C:\jdk7u2_64p\jdk7u25\hotspot\src\share\vm\prims\jvm.cpp:1235
Event: 1.620 Thread 0x0000000010a01000 Threw 0x00000007c0f549b8 at C:\jdk7u2_64p\jdk7u25\hotspot\src\share\vm\prims\jvm.cpp:1235

Events (10 events):
Event: 1.618 loading class 0x0000000010ba4280
Event: 1.618 loading class 0x0000000010ba4280 done
Event: 1.619 loading class 0x00000000154789f0
Event: 1.619 loading class 0x00000000154789f0 done
Event: 1.619 loading class 0x0000000015389f80
Event: 1.619 loading class 0x0000000015389f80 done
Event: 1.620 loading class 0x0000000015478a90
Event: 1.620 loading class 0x0000000015478a90 done
Event: 1.620 loading class 0x0000000015478b30
Event: 1.620 loading class 0x0000000015478b30 done


Dynamic libraries:
0x000000013f090000 - 0x000000013f0c3000 	C:\Program Files\Java\jre7\bin\javaw.exe
0x00000000770c0000 - 0x0000000077269000 	C:\Windows\SYSTEM32\ntdll.dll
0x0000000076fa0000 - 0x00000000770bf000 	C:\Windows\system32\kernel32.dll
0x000007fefcf30000 - 0x000007fefcf9b000 	C:\Windows\system32\KERNELBASE.dll
0x000007fefe400000 - 0x000007fefe4db000 	C:\Windows\system32\ADVAPI32.dll
0x000007fefe360000 - 0x000007fefe3ff000 	C:\Windows\system32\msvcrt.dll
0x000007fefe790000 - 0x000007fefe7af000 	C:\Windows\SYSTEM32\sechost.dll
0x000007fefe7b0000 - 0x000007fefe8dd000 	C:\Windows\system32\RPCRT4.dll
0x0000000076ea0000 - 0x0000000076f9a000 	C:\Windows\system32\USER32.dll
0x000007fefead0000 - 0x000007fefeb37000 	C:\Windows\system32\GDI32.dll
0x000007fefd450000 - 0x000007fefd45e000 	C:\Windows\system32\LPK.dll
0x000007fefd2a0000 - 0x000007fefd369000 	C:\Windows\system32\USP10.dll
0x000007fefba60000 - 0x000007fefbc54000 	C:\Windows\WinSxS\amd64_microsoft.windows.common-controls_6595b64144ccf1df_6.0.7601.17514_none_fa396087175ac9ac\COMCTL32.dll
0x000007fefe1f0000 - 0x000007fefe261000 	C:\Windows\system32\SHLWAPI.dll
0x000007feff1d0000 - 0x000007feff1fe000 	C:\Windows\system32\IMM32.DLL
0x000007feff2c0000 - 0x000007feff3c9000 	C:\Windows\system32\MSCTF.dll
0x000000006a310000 - 0x000000006a3e1000 	C:\Program Files\Java\jre7\bin\msvcr100.dll
0x00000000627b0000 - 0x0000000062ebf000 	C:\Program Files\Java\jre7\bin\server\jvm.dll
0x000007fef7310000 - 0x000007fef7319000 	C:\Windows\system32\WSOCK32.dll
0x000007fefe310000 - 0x000007fefe35d000 	C:\Windows\system32\WS2_32.dll
0x000007fefe8e0000 - 0x000007fefe8e8000 	C:\Windows\system32\NSI.dll
0x000007fefad10000 - 0x000007fefad4b000 	C:\Windows\system32\WINMM.dll
0x0000000077290000 - 0x0000000077297000 	C:\Windows\system32\PSAPI.DLL
0x0000000071890000 - 0x000000007189f000 	C:\Program Files\Java\jre7\bin\verify.dll
0x0000000070b60000 - 0x0000000070b88000 	C:\Program Files\Java\jre7\bin\java.dll
0x0000000070dd0000 - 0x0000000070de5000 	C:\Program Files\Java\jre7\bin\zip.dll
0x0000000065580000 - 0x0000000065610000 	C:\Users\Dustin\AppData\Local\Temp\libgdxDustin\5498721d\gdx64.dll
0x0000000180000000 - 0x0000000180050000 	C:\Users\Dustin\AppData\Local\Temp\libgdxDustin\4c88a7c1\lwjgl64.dll
0x000007fef6e10000 - 0x000007fef6f2d000 	C:\Windows\system32\OPENGL32.dll
0x000007fef7670000 - 0x000007fef769d000 	C:\Windows\system32\GLU32.dll
0x000007fef6d10000 - 0x000007fef6e01000 	C:\Windows\system32\DDRAW.dll
0x000007fef7660000 - 0x000007fef7668000 	C:\Windows\system32\DCIMAN32.dll
0x000007fefe8f0000 - 0x000007fefeac7000 	C:\Windows\system32\SETUPAPI.dll
0x000007fefd1a0000 - 0x000007fefd1d6000 	C:\Windows\system32\CFGMGR32.dll
0x000007fefd370000 - 0x000007fefd447000 	C:\Windows\system32\OLEAUT32.dll
0x000007fefefc0000 - 0x000007feff1c3000 	C:\Windows\system32\ole32.dll
0x000007fefd180000 - 0x000007fefd19a000 	C:\Windows\system32\DEVOBJ.dll
0x000007fefabe0000 - 0x000007fefabf8000 	C:\Windows\system32\dwmapi.dll
0x000007fefbfd0000 - 0x000007fefbfdc000 	C:\Windows\system32\VERSION.dll
0x0000000002150000 - 0x00000000021b4000 	C:\Users\Dustin\AppData\Local\Temp\libgdxDustin\4c88a7c1\OpenAL64.dll
0x000007fefd460000 - 0x000007fefe1e8000 	C:\Windows\system32\SHELL32.dll
0x000007fefcd60000 - 0x000007fefcd6f000 	C:\Windows\system32\CRYPTBASE.dll
0x000007fefb480000 - 0x000007fefb4d6000 	C:\Windows\system32\uxtheme.dll
0x0000000002330000 - 0x0000000002371000 	C:\Program Files (x86)\ATI Technologies\HydraVision\HydraDMH64.dll
0x000007feff220000 - 0x000007feff2b9000 	C:\Windows\system32\CLBCatQ.DLL
0x000007fefb540000 - 0x000007fefb66c000 	C:\Windows\System32\PROPSYS.dll
0x000007fefd140000 - 0x000007fefd17a000 	C:\Windows\system32\WINTRUST.dll
0x000007fefcfa0000 - 0x000007fefd10c000 	C:\Windows\system32\CRYPT32.dll
0x000007fefcf10000 - 0x000007fefcf1f000 	C:\Windows\system32\MSASN1.dll
0x000007fef76a0000 - 0x000007fef7728000 	C:\Windows\system32\dsound.dll
0x000007fefbf80000 - 0x000007fefbfac000 	C:\Windows\system32\POWRPROF.dll
0x000007fefb4f0000 - 0x000007fefb53b000 	C:\Windows\System32\MMDevApi.dll
0x000007fefab70000 - 0x000007fefabbf000 	C:\Windows\system32\AUDIOSES.DLL
0x000007feeab00000 - 0x000007feeab18000 	C:\Windows\system32\atig6pxx.dll
0x0000000052db0000 - 0x0000000054665000 	C:\Windows\system32\atio6axx.dll
0x000007fef9d70000 - 0x000007fef9e3f000 	C:\Windows\system32\atiadlxx.dll
0x000007fefc1c0000 - 0x000007fefc1de000 	C:\Windows\system32\USERENV.dll
0x000007fefce70000 - 0x000007fefce7f000 	C:\Windows\system32\profapi.dll
0x000007fefbfb0000 - 0x000007fefbfc1000 	C:\Windows\system32\WTSAPI32.dll
0x000007fefa940000 - 0x000007fefa967000 	C:\Windows\system32\IPHLPAPI.DLL
0x000007fefa900000 - 0x000007fefa90b000 	C:\Windows\system32\WINNSI.DLL
0x000007fee23b0000 - 0x000007fee24e1000 	C:\Windows\system32\aticfx64.dll
0x000007feeaae0000 - 0x000007feeaafe000 	C:\Windows\system32\atig6txx.dll
0x000007fee0060000 - 0x000007fee00fc000 	C:\Windows\system32\mscms.dll
0x000007fee0010000 - 0x000007fee0052000 	C:\Windows\system32\icm32.dll
0x0000000068900000 - 0x0000000068a0f000 	C:\Users\Dustin\AppData\Local\Temp\libgdxDustin\1d0ddbf3\gdx-controllers-desktop64.dll
0x000007fedfb20000 - 0x000007fedfb5c000 	C:\Windows\system32\DINPUT8.dll
0x000007fefad50000 - 0x000007fefad5b000 	C:\Windows\system32\HID.DLL
0x000007fefc700000 - 0x000007fefc717000 	C:\Windows\system32\CRYPTSP.dll
0x000007fefc400000 - 0x000007fefc447000 	C:\Windows\system32\rsaenh.dll
0x0000000070ba0000 - 0x0000000070bb9000 	C:\Program Files\Java\jre7\bin\net.dll
0x000007fefc6a0000 - 0x000007fefc6f5000 	C:\Windows\system32\mswsock.dll
0x000007fefc690000 - 0x000007fefc697000 	C:\Windows\System32\wship6.dll
0x000007fefafc0000 - 0x000007fefafd5000 	C:\Windows\system32\NLAapi.dll
0x000007feea1d0000 - 0x000007feea1e5000 	C:\Windows\system32\napinsp.dll
0x000007feea180000 - 0x000007feea199000 	C:\Windows\system32\pnrpnsp.dll
0x0000000073460000 - 0x0000000073486000 	C:\Program Files\Bonjour\mdnsNSP.dll
0x000007fefc520000 - 0x000007fefc57b000 	C:\Windows\system32\DNSAPI.dll
0x000007fef4910000 - 0x000007fef491b000 	C:\Windows\System32\winrnr.dll
0x000007fefc0a0000 - 0x000007fefc0a7000 	C:\Windows\System32\wshtcpip.dll
0x000007fef9a10000 - 0x000007fef9a18000 	C:\Windows\system32\rasadhlp.dll
0x000007fefa890000 - 0x000007fefa8e3000 	C:\Windows\System32\fwpuclnt.dll
0x0000000070390000 - 0x00000000703a1000 	C:\Program Files\Java\jre7\bin\nio.dll
0x000007fef5260000 - 0x000007fef5385000 	C:\Windows\system32\dbghelp.dll

VM Arguments:
jvm_args: -Dfile.encoding=Cp1252 
java_command: com.mdwheele.gdxgame.Main
Launcher Type: SUN_STANDARD

Environment Variables:
CLASSPATH=.;C:\Program Files (x86)\Java\jre7\lib\ext\QTJava.zip
PATH=C:\xampp\php;C:\Program Files (x86)\AMD APP\bin\x86_64;C:\Program Files (x86)\AMD APP\bin\x86;C:\Windows\system32;C:\Windows;C:\Windows\system32\wbem;C:\Windows\System32\WindowsPowerShell\v1.0;C:\Program Files (x86)\ATI Technologies\ATI.ACE\Core-Static;c:\Program Files (x86)\Microsoft SQL Server\90\Tools\binn;C:\Program Files (x86)\QuickTime\QTSystem;C:\Program Files (x86)\Microsoft SQL Server\90\Tools\binn\;D:\HashiCorp\Vagrant\bin;C:\Program Files (x86)\QuickTime\QTSystem\;C:\ProgramData\Composer\bin;C:\Program Files\SlikSvn\bin
USERNAME=Dustin
OS=Windows_NT
PROCESSOR_IDENTIFIER=Intel64 Family 6 Model 26 Stepping 5, GenuineIntel



---------------  S Y S T E M  ---------------

OS: Windows 7 , 64 bit Build 7601 Service Pack 1

CPU:total 8 (4 cores per cpu, 2 threads per core) family 6 model 26 stepping 5, cmov, cx8, fxsr, mmx, sse, sse2, sse3, ssse3, sse4.1, sse4.2, popcnt, ht, tsc, tscinvbit, tscinv

Memory: 4k page, physical 12573880k(8686384k free), swap 25145896k(20000816k free)

vm_info: Java HotSpot(TM) 64-Bit Server VM (23.25-b01) for windows-amd64 JRE (1.7.0_25-b17), built on Jun 21 2013 12:58:32 by "java_re" with unknown MS VC++:1600

time: Thu Dec 26 03:43:20 2013
elapsed time: 1 seconds

